## SLURM PROLOG ###############################################################
##    Job ID : 1862261
##  Job Name : batch.sh
##  Nodelist : gpu2114
##      CPUs : 1
##   Mem/CPU : 51200 MB
## Directory : /oscar/home/syu66/Documents/cs143-final-artist-dupes/perception_transfer
##   Job Started : Thu May  2 01:36:24 AM EDT 2024
###############################################################################

    Copy/Paste this in your local terminal to ssh tunnel with remote
    -----------------------------------------------------------------
    ssh -N -L 8624:172.20.217.14:8624 syu66@ssh.ccv.brown.edu
    -----------------------------------------------------------------
    Then open a browser on your local machine to the following address
    ------------------------------------------------------------------
    localhost:8624  (prefix w/ https:// if using password)
    ------------------------------------------------------------------
    
Thu May  2 01:36:24 2024       
+---------------------------------------------------------------------------------------+
| NVIDIA-SMI 535.129.03             Driver Version: 535.129.03   CUDA Version: 12.2     |
|-----------------------------------------+----------------------+----------------------+
| GPU  Name                 Persistence-M | Bus-Id        Disp.A | Volatile Uncorr. ECC |
| Fan  Temp   Perf          Pwr:Usage/Cap |         Memory-Usage | GPU-Util  Compute M. |
|                                         |                      |               MIG M. |
|=========================================+======================+======================|
|   0  NVIDIA GeForce RTX 3090        On  | 00000000:41:00.0 Off |                  N/A |
| 30%   30C    P8              33W / 350W |     13MiB / 24576MiB |      0%      Default |
|                                         |                      |                  N/A |
+-----------------------------------------+----------------------+----------------------+
                                                                                         
+---------------------------------------------------------------------------------------+
| Processes:                                                                            |
|  GPU   GI   CI        PID   Type   Process name                            GPU Memory |
|        ID   ID                                                             Usage      |
|=======================================================================================|
|    0   N/A  N/A     46208      G   /usr/libexec/Xorg                             5MiB |
+---------------------------------------------------------------------------------------+
  0%|          | 0/4319 [00:00<?, ?it/s]100%|██████████| 4319/4319 [00:00<00:00, 812851.07it/s]
  0%|          | 0/4319 [00:00<?, ?it/s]100%|██████████| 4319/4319 [00:00<00:00, 841627.90it/s]
Using cache found in /users/syu66/.cache/torch/hub/pytorch_vision_v0.10.0
EPOCH 1:
Batch 1/270: 0it [00:00, ?it/s]