## SLURM PROLOG ###############################################################
##    Job ID : 1836422
##  Job Name : batch.sh
##  Nodelist : gpu1402
##      CPUs : 1
##   Mem/CPU : 51200 MB
## Directory : /oscar/home/syu66/Documents/cs143-final-artist-dupes/perception_transfer
##   Job Started : Tue Apr 30 02:34:24 AM EDT 2024
###############################################################################

    Copy/Paste this in your local terminal to ssh tunnel with remote
    -----------------------------------------------------------------
    ssh -N -L 9008:172.20.210.2:9008 syu66@ssh.ccv.brown.edu
    -----------------------------------------------------------------
    Then open a browser on your local machine to the following address
    ------------------------------------------------------------------
    localhost:9008  (prefix w/ https:// if using password)
    ------------------------------------------------------------------
    
Tue Apr 30 02:34:24 2024       
+---------------------------------------------------------------------------------------+
| NVIDIA-SMI 535.129.03             Driver Version: 535.129.03   CUDA Version: 12.2     |
|-----------------------------------------+----------------------+----------------------+
| GPU  Name                 Persistence-M | Bus-Id        Disp.A | Volatile Uncorr. ECC |
| Fan  Temp   Perf          Pwr:Usage/Cap |         Memory-Usage | GPU-Util  Compute M. |
|                                         |                      |               MIG M. |
|=========================================+======================+======================|
|   0  NVIDIA TITAN RTX               On  | 00000000:41:00.0 Off |                  N/A |
| 41%   36C    P8              17W / 280W |     29MiB / 24576MiB |      0%      Default |
|                                         |                      |                  N/A |
+-----------------------------------------+----------------------+----------------------+
                                                                                         
+---------------------------------------------------------------------------------------+
| Processes:                                                                            |
|  GPU   GI   CI        PID   Type   Process name                            GPU Memory |
|        ID   ID                                                             Usage      |
|=======================================================================================|
|    0   N/A  N/A     28497      G   /usr/libexec/Xorg                            27MiB |
+---------------------------------------------------------------------------------------+
  0%|          | 0/4319 [00:00<?, ?it/s]100%|██████████| 4319/4319 [00:00<00:00, 4963068.21it/s]
Using cache found in /users/syu66/.cache/torch/hub/pytorch_vision_v0.10.0
torch.Size([1, 256, 64, 64])
EPOCH 1:
Traceback (most recent call last):
  File "/oscar/home/syu66/Documents/cs143-final-artist-dupes/perception_transfer/train.py", line 139, in <module>
    main()
  File "/oscar/home/syu66/Documents/cs143-final-artist-dupes/perception_transfer/train.py", line 106, in main
    avg_loss = train_one_epoch()
               ^^^^^^^^^^^^^^^^^
  File "/oscar/home/syu66/Documents/cs143-final-artist-dupes/perception_transfer/train.py", line 65, in train_one_epoch
    for i, data in tqdm(enumerate(training_loader), desc = f'Batch {i}/{num_batches}'):
                                                                    ^
UnboundLocalError: cannot access local variable 'i' where it is not associated with a value
