## SLURM PROLOG ###############################################################
##    Job ID : 1860301
##  Job Name : batch.sh
##  Nodelist : gpu2109
##      CPUs : 1
##   Mem/CPU : 51200 MB
## Directory : /oscar/home/syu66/Documents/cs143-final-artist-dupes/perception_transfer
##   Job Started : Wed May  1 02:39:18 PM EDT 2024
###############################################################################

    Copy/Paste this in your local terminal to ssh tunnel with remote
    -----------------------------------------------------------------
    ssh -N -L 9271:172.20.217.9:9271 syu66@ssh.ccv.brown.edu
    -----------------------------------------------------------------
    Then open a browser on your local machine to the following address
    ------------------------------------------------------------------
    localhost:9271  (prefix w/ https:// if using password)
    ------------------------------------------------------------------
    
Wed May  1 14:39:18 2024       
+---------------------------------------------------------------------------------------+
| NVIDIA-SMI 535.129.03             Driver Version: 535.129.03   CUDA Version: 12.2     |
|-----------------------------------------+----------------------+----------------------+
| GPU  Name                 Persistence-M | Bus-Id        Disp.A | Volatile Uncorr. ECC |
| Fan  Temp   Perf          Pwr:Usage/Cap |         Memory-Usage | GPU-Util  Compute M. |
|                                         |                      |               MIG M. |
|=========================================+======================+======================|
|   0  NVIDIA GeForce RTX 3090        On  | 00000000:61:00.0 Off |                  N/A |
| 30%   24C    P8              27W / 350W |     25MiB / 24576MiB |      0%      Default |
|                                         |                      |                  N/A |
+-----------------------------------------+----------------------+----------------------+
                                                                                         
+---------------------------------------------------------------------------------------+
| Processes:                                                                            |
|  GPU   GI   CI        PID   Type   Process name                            GPU Memory |
|        ID   ID                                                             Usage      |
|=======================================================================================|
|    0   N/A  N/A     52857      G   /usr/libexec/Xorg                            17MiB |
+---------------------------------------------------------------------------------------+
  0%|          | 0/4319 [00:00<?, ?it/s]100%|██████████| 4319/4319 [00:00<00:00, 5660999.68it/s]
