## SLURM PROLOG ###############################################################
##    Job ID : 1860362
##  Job Name : batch.sh
##  Nodelist : gpu2115
##      CPUs : 1
##   Mem/CPU : 51200 MB
## Directory : /oscar/home/syu66/Documents/cs143-final-artist-dupes/perception_transfer
##   Job Started : Wed May  1 02:58:19 PM EDT 2024
###############################################################################

    Copy/Paste this in your local terminal to ssh tunnel with remote
    -----------------------------------------------------------------
    ssh -N -L 8617:172.20.217.15:8617 syu66@ssh.ccv.brown.edu
    -----------------------------------------------------------------
    Then open a browser on your local machine to the following address
    ------------------------------------------------------------------
    localhost:8617  (prefix w/ https:// if using password)
    ------------------------------------------------------------------
    
Wed May  1 14:58:19 2024       
+---------------------------------------------------------------------------------------+
| NVIDIA-SMI 535.129.03             Driver Version: 535.129.03   CUDA Version: 12.2     |
|-----------------------------------------+----------------------+----------------------+
| GPU  Name                 Persistence-M | Bus-Id        Disp.A | Volatile Uncorr. ECC |
| Fan  Temp   Perf          Pwr:Usage/Cap |         Memory-Usage | GPU-Util  Compute M. |
|                                         |                      |               MIG M. |
|=========================================+======================+======================|
|   0  NVIDIA GeForce RTX 3090        On  | 00000000:E1:00.0 Off |                  N/A |
| 30%   29C    P8              20W / 350W |     13MiB / 24576MiB |      0%      Default |
|                                         |                      |                  N/A |
+-----------------------------------------+----------------------+----------------------+
                                                                                         
+---------------------------------------------------------------------------------------+
| Processes:                                                                            |
|  GPU   GI   CI        PID   Type   Process name                            GPU Memory |
|        ID   ID                                                             Usage      |
|=======================================================================================|
|    0   N/A  N/A     46333      G   /usr/libexec/Xorg                             5MiB |
+---------------------------------------------------------------------------------------+
  0%|          | 0/24 [00:00<?, ?it/s]100%|██████████| 24/24 [00:00<00:00, 98496.38it/s]
  0%|          | 0/24 [00:00<?, ?it/s]100%|██████████| 24/24 [00:00<00:00, 99175.66it/s]
Using cache found in /users/syu66/.cache/torch/hub/pytorch_vision_v0.10.0
EPOCH 1:
Batch 1/2: 0it [00:00, ?it/s]Batch 1/2: 1it [02:38, 158.03s/it]Batch 1/2: 2it [03:55, 110.80s/it]Batch 1/2: 2it [03:55, 117.89s/it]
batch 1 loss: 10481099776.0
batch 2 loss: 9823356928.0
Average loss for epoch: 10152228352.0
EPOCH 0, loss: 10152228352.0
EPOCH 2:
Batch 1/2: 0it [00:00, ?it/s]Batch 1/2: 1it [02:35, 155.50s/it]Batch 1/2: 2it [03:52, 109.61s/it]Batch 1/2: 2it [03:52, 116.49s/it]
batch 1 loss: 23972939776.0
batch 2 loss: 2374494208.0
Average loss for epoch: 13173716992.0
EPOCH 1, loss: 13173716992.0
EPOCH 3:
Batch 1/2: 0it [00:00, ?it/s]Batch 1/2: 1it [02:34, 154.81s/it]Batch 1/2: 2it [03:52, 109.47s/it]Batch 1/2: 2it [03:52, 116.27s/it]
batch 1 loss: 3816983808.0
batch 2 loss: 1474345728.0
Average loss for epoch: 2645664768.0
EPOCH 2, loss: 2645664768.0
torch.Size([1, 3, 330, 256])
torch.Size([3, 332, 256]) 22.347381591796875 -0.2524188756942749
torch.Size([1, 3, 332, 256])
