## SLURM PROLOG ###############################################################
##    Job ID : 1860214
##  Job Name : batch.sh
##  Nodelist : gpu2601
##      CPUs : 1
##   Mem/CPU : 51200 MB
## Directory : /oscar/home/syu66/Documents/cs143-final-artist-dupes/perception_transfer
##   Job Started : Wed May  1 02:06:17 PM EDT 2024
###############################################################################

    Copy/Paste this in your local terminal to ssh tunnel with remote
    -----------------------------------------------------------------
    ssh -N -L 8311:172.20.222.1:8311 syu66@ssh.ccv.brown.edu
    -----------------------------------------------------------------
    Then open a browser on your local machine to the following address
    ------------------------------------------------------------------
    localhost:8311  (prefix w/ https:// if using password)
    ------------------------------------------------------------------
    
Wed May  1 14:06:17 2024       
+---------------------------------------------------------------------------------------+
| NVIDIA-SMI 535.129.03             Driver Version: 535.129.03   CUDA Version: 12.2     |
|-----------------------------------------+----------------------+----------------------+
| GPU  Name                 Persistence-M | Bus-Id        Disp.A | Volatile Uncorr. ECC |
| Fan  Temp   Perf          Pwr:Usage/Cap |         Memory-Usage | GPU-Util  Compute M. |
|                                         |                      |               MIG M. |
|=========================================+======================+======================|
|   0  NVIDIA RTX A5000               On  | 00000000:28:00.0 Off |                  Off |
| 30%   46C    P8              19W / 230W |     27MiB / 24564MiB |      0%      Default |
|                                         |                      |                  N/A |
+-----------------------------------------+----------------------+----------------------+
                                                                                         
+---------------------------------------------------------------------------------------+
| Processes:                                                                            |
|  GPU   GI   CI        PID   Type   Process name                            GPU Memory |
|        ID   ID                                                             Usage      |
|=======================================================================================|
|    0   N/A  N/A     73340      G   /usr/libexec/Xorg                            20MiB |
+---------------------------------------------------------------------------------------+
torch.Size([1, 3, 330, 256])
torch.Size([3, 332, 256]) 12.481813430786133 -0.638404130935669
torch.Size([1, 3, 332, 256])
