## SLURM PROLOG ###############################################################
##    Job ID : 1860348
##  Job Name : batch.sh
##  Nodelist : gpu2115
##      CPUs : 1
##   Mem/CPU : 51200 MB
## Directory : /oscar/home/syu66/Documents/cs143-final-artist-dupes/perception_transfer
##   Job Started : Wed May  1 02:52:18 PM EDT 2024
###############################################################################

    Copy/Paste this in your local terminal to ssh tunnel with remote
    -----------------------------------------------------------------
    ssh -N -L 9108:172.20.217.15:9108 syu66@ssh.ccv.brown.edu
    -----------------------------------------------------------------
    Then open a browser on your local machine to the following address
    ------------------------------------------------------------------
    localhost:9108  (prefix w/ https:// if using password)
    ------------------------------------------------------------------
    
Wed May  1 14:52:18 2024       
+---------------------------------------------------------------------------------------+
| NVIDIA-SMI 535.129.03             Driver Version: 535.129.03   CUDA Version: 12.2     |
|-----------------------------------------+----------------------+----------------------+
| GPU  Name                 Persistence-M | Bus-Id        Disp.A | Volatile Uncorr. ECC |
| Fan  Temp   Perf          Pwr:Usage/Cap |         Memory-Usage | GPU-Util  Compute M. |
|                                         |                      |               MIG M. |
|=========================================+======================+======================|
|   0  NVIDIA GeForce RTX 3090        On  | 00000000:E1:00.0 Off |                  N/A |
| 36%   36C    P8              23W / 350W |     13MiB / 24576MiB |      0%      Default |
|                                         |                      |                  N/A |
+-----------------------------------------+----------------------+----------------------+
                                                                                         
+---------------------------------------------------------------------------------------+
| Processes:                                                                            |
|  GPU   GI   CI        PID   Type   Process name                            GPU Memory |
|        ID   ID                                                             Usage      |
|=======================================================================================|
|    0   N/A  N/A     46333      G   /usr/libexec/Xorg                             5MiB |
+---------------------------------------------------------------------------------------+
  0%|          | 0/4319 [00:00<?, ?it/s]  1%|          | 32/4319 [00:00<00:00, 106861.25it/s]
