## SLURM PROLOG ###############################################################
##    Job ID : 1857413
##  Job Name : batch.sh
##  Nodelist : gpu2003
##      CPUs : 1
##   Mem/CPU : 51200 MB
## Directory : /oscar/home/syu66/Documents/cs143-final-artist-dupes/perception_transfer
##   Job Started : Tue Apr 30 08:26:59 PM EDT 2024
###############################################################################

    Copy/Paste this in your local terminal to ssh tunnel with remote
    -----------------------------------------------------------------
    ssh -N -L 9198:172.20.216.3:9198 syu66@ssh.ccv.brown.edu
    -----------------------------------------------------------------
    Then open a browser on your local machine to the following address
    ------------------------------------------------------------------
    localhost:9198  (prefix w/ https:// if using password)
    ------------------------------------------------------------------
    
Tue Apr 30 20:26:59 2024       
+---------------------------------------------------------------------------------------+
| NVIDIA-SMI 535.129.03             Driver Version: 535.129.03   CUDA Version: 12.2     |
|-----------------------------------------+----------------------+----------------------+
| GPU  Name                 Persistence-M | Bus-Id        Disp.A | Volatile Uncorr. ECC |
| Fan  Temp   Perf          Pwr:Usage/Cap |         Memory-Usage | GPU-Util  Compute M. |
|                                         |                      |               MIG M. |
|=========================================+======================+======================|
|   0  Quadro RTX 6000                On  | 00000000:3E:00.0 Off |                  Off |
| 34%   27C    P8               5W / 260W |     22MiB / 24576MiB |      0%      Default |
|                                         |                      |                  N/A |
+-----------------------------------------+----------------------+----------------------+
                                                                                         
+---------------------------------------------------------------------------------------+
| Processes:                                                                            |
|  GPU   GI   CI        PID   Type   Process name                            GPU Memory |
|        ID   ID                                                             Usage      |
|=======================================================================================|
|    0   N/A  N/A     30179      G   /usr/libexec/Xorg                            20MiB |
+---------------------------------------------------------------------------------------+
Traceback (most recent call last):
  File "/oscar/home/syu66/Documents/cs143-final-artist-dupes/perception_transfer/test.py", line 1, in <module>
    import numpy as np
ModuleNotFoundError: No module named 'numpy'
