## SLURM PROLOG ###############################################################
##    Job ID : 1879271
##  Job Name : batch.sh
##  Nodelist : gpu2262
##      CPUs : 1
##   Mem/CPU : 51200 MB
## Directory : /oscar/home/syu66/Documents/cs143-final-artist-dupes/perception_transfer
##   Job Started : Thu May  2 06:44:27 PM EDT 2024
###############################################################################

    Copy/Paste this in your local terminal to ssh tunnel with remote
    -----------------------------------------------------------------
    ssh -N -L 8572:172.20.218.62:8572 syu66@ssh.ccv.brown.edu
    -----------------------------------------------------------------
    Then open a browser on your local machine to the following address
    ------------------------------------------------------------------
    localhost:8572  (prefix w/ https:// if using password)
    ------------------------------------------------------------------
    
Thu May  2 18:44:27 2024       
+---------------------------------------------------------------------------------------+
| NVIDIA-SMI 535.129.03             Driver Version: 535.129.03   CUDA Version: 12.2     |
|-----------------------------------------+----------------------+----------------------+
| GPU  Name                 Persistence-M | Bus-Id        Disp.A | Volatile Uncorr. ECC |
| Fan  Temp   Perf          Pwr:Usage/Cap |         Memory-Usage | GPU-Util  Compute M. |
|                                         |                      |               MIG M. |
|=========================================+======================+======================|
|   0  NVIDIA RTX A5000               On  | 00000000:03:00.0 Off |                  Off |
| 30%   28C    P8              18W / 230W |     27MiB / 24564MiB |      0%      Default |
|                                         |                      |                  N/A |
+-----------------------------------------+----------------------+----------------------+
                                                                                         
+---------------------------------------------------------------------------------------+
| Processes:                                                                            |
|  GPU   GI   CI        PID   Type   Process name                            GPU Memory |
|        ID   ID                                                             Usage      |
|=======================================================================================|
|    0   N/A  N/A     54444      G   /usr/libexec/Xorg                            20MiB |
+---------------------------------------------------------------------------------------+
Traceback (most recent call last):
  File "/oscar/home/syu66/Documents/cs143-final-artist-dupes/perception_transfer/preprocess.py", line 3, in <module>
    from torchvision import transforms
ModuleNotFoundError: No module named 'torchvision'
Traceback (most recent call last):
  File "/oscar/home/syu66/Documents/cs143-final-artist-dupes/perception_transfer/train.py", line 2, in <module>
    import torch
ModuleNotFoundError: No module named 'torch'
Traceback (most recent call last):
  File "/oscar/home/syu66/Documents/cs143-final-artist-dupes/perception_transfer/test.py", line 1, in <module>
    import numpy as np
ModuleNotFoundError: No module named 'numpy'
