## SLURM PROLOG ###############################################################
##    Job ID : 1879278
##  Job Name : batch.sh
##  Nodelist : gpu2262
##      CPUs : 1
##   Mem/CPU : 51200 MB
## Directory : /oscar/home/syu66/Documents/cs143-final-artist-dupes/perception_transfer
##   Job Started : Thu May  2 06:46:28 PM EDT 2024
###############################################################################

    Copy/Paste this in your local terminal to ssh tunnel with remote
    -----------------------------------------------------------------
    ssh -N -L 9373:172.20.218.62:9373 syu66@ssh.ccv.brown.edu
    -----------------------------------------------------------------
    Then open a browser on your local machine to the following address
    ------------------------------------------------------------------
    localhost:9373  (prefix w/ https:// if using password)
    ------------------------------------------------------------------
    
Thu May  2 18:46:28 2024       
+---------------------------------------------------------------------------------------+
| NVIDIA-SMI 535.129.03             Driver Version: 535.129.03   CUDA Version: 12.2     |
|-----------------------------------------+----------------------+----------------------+
| GPU  Name                 Persistence-M | Bus-Id        Disp.A | Volatile Uncorr. ECC |
| Fan  Temp   Perf          Pwr:Usage/Cap |         Memory-Usage | GPU-Util  Compute M. |
|                                         |                      |               MIG M. |
|=========================================+======================+======================|
|   0  NVIDIA RTX A5000               On  | 00000000:03:00.0 Off |                  Off |
| 30%   28C    P8              18W / 230W |     27MiB / 24564MiB |      0%      Default |
|                                         |                      |                  N/A |
+-----------------------------------------+----------------------+----------------------+
                                                                                         
+---------------------------------------------------------------------------------------+
| Processes:                                                                            |
|  GPU   GI   CI        PID   Type   Process name                            GPU Memory |
|        ID   ID                                                             Usage      |
|=======================================================================================|
|    0   N/A  N/A     54444      G   /usr/libexec/Xorg                            20MiB |
+---------------------------------------------------------------------------------------+
  0%|          | 0/24 [00:00<?, ?it/s]100%|██████████| 24/24 [00:00<00:00, 774333.05it/s]
  0%|          | 0/24 [00:00<?, ?it/s]100%|██████████| 24/24 [00:00<00:00, 792624.38it/s]
Using cache found in /users/syu66/.cache/torch/hub/pytorch_vision_v0.10.0
EPOCH 1:
Batch 1/1: 0it [00:00, ?it/s]Batch 1/1: 1it [00:35, 35.98s/it]Batch 1/1: 1it [00:35, 35.98s/it]
batch 1 loss: 298365.28125
Average loss for epoch: 298365.28125
EPOCH 0, loss: 298365.28125
torch.Size([1, 3, 330, 256])
tensor(2.6400)
tensor(-2.1179)
torch.Size([1, 3, 332, 256])
